<?xml version="1.0" encoding="UTF-8"?>
<testng-results skipped="0" failed="0" ignored="0" total="2" passed="2">
  <reporter-output>
  </reporter-output>
  <suite name="Suite" duration-ms="29113" started-at="2020-06-04T17:49:39Z" finished-at="2020-06-04T17:50:08Z">
    <groups>
    </groups>
    <test name="Test" duration-ms="29113" started-at="2020-06-04T17:49:39Z" finished-at="2020-06-04T17:50:08Z">
      <class name="com.TestNG.ParallelExecHomewrk">
        <test-method status="PASS" signature="beforeTest()[pri:0, instance:com.TestNG.ParallelExecHomewrk@1820e51]" name="beforeTest" is-config="true" duration-ms="18405" started-at="2020-06-04T17:49:39Z" finished-at="2020-06-04T17:49:58Z">
          <reporter-output>
          </reporter-output>
        </test-method> <!-- beforeTest -->
        <test-method status="PASS" signature="login()[pri:1, instance:com.TestNG.ParallelExecHomewrk@1820e51]" name="login" duration-ms="3993" started-at="2020-06-04T17:49:58Z" finished-at="2020-06-04T17:50:02Z">
          <reporter-output>
          </reporter-output>
        </test-method> <!-- login -->
        <test-method status="PASS" signature="clickAdmin()[pri:2, instance:com.TestNG.ParallelExecHomewrk@1820e51]" name="clickAdmin" duration-ms="5768" started-at="2020-06-04T17:50:02Z" finished-at="2020-06-04T17:50:08Z">
          <reporter-output>
          </reporter-output>
        </test-method> <!-- clickAdmin -->
        <test-method status="PASS" signature="afterTest()[pri:0, instance:com.TestNG.ParallelExecHomewrk@1820e51]" name="afterTest" is-config="true" duration-ms="721" started-at="2020-06-04T17:50:08Z" finished-at="2020-06-04T17:50:08Z">
          <reporter-output>
          </reporter-output>
        </test-method> <!-- afterTest -->
      </class> <!-- com.TestNG.ParallelExecHomewrk -->
    </test> <!-- Test -->
  </suite> <!-- Suite -->
</testng-results>
